# JRE version: OpenJDK Runtime Environment (7.0_85-b01) (build 1.7.0_85-b01)
# Java VM: OpenJDK 64-Bit Server VM (24.85-b03 mixed mode linux-amd64 compressed oops)
Heap
 PSYoungGen      total 507392K, used 128K [0x00000007d7000000, 0x00000007f6580000, 0x0000000800000000)
  eden space 506880K, 0% used [0x00000007d7000000,0x00000007d7000000,0x00000007f5f00000)
  from space 512K, 25% used [0x00000007f6480000,0x00000007f64a0000,0x00000007f6500000)
  to   space 512K, 0% used [0x00000007f6500000,0x00000007f6500000,0x00000007f6580000)
 ParOldGen       total 27136K, used 19578K [0x0000000785000000, 0x0000000786a80000, 0x00000007d7000000)
  object space 27136K, 72% used [0x0000000785000000,0x000000078631ebb0,0x0000000786a80000)
 PSPermGen       total 21504K, used 5601K [0x000000077aa00000, 0x000000077bf00000, 0x0000000785000000)
  object space 21504K, 26% used [0x000000077aa00000,0x000000077af78708,0x000000077bf00000)
GC Heap History (10 events):
Event: 80956.511 GC heap after
Heap after GC invocations=342614 (full 196):
 PSYoungGen      total 244224K, used 128K [0x00000007d7000000, 0x00000007f6580000, 0x0000000800000000)
  eden space 243712K, 0% used [0x00000007d7000000,0x00000007d7000000,0x00000007e5e00000)
  from space 512K, 25% used [0x00000007f6500000,0x00000007f6520000,0x00000007f6580000)
  to   space 512K, 0% used [0x00000007f6480000,0x00000007f6480000,0x00000007f6500000)
 ParOldGen       total 27136K, used 19482K [0x0000000785000000, 0x0000000786a80000, 0x00000007d7000000)
  object space 27136K, 71% used [0x0000000785000000,0x0000000786306bb0,0x0000000786a80000)
 PSPermGen       total 21504K, used 5601K [0x000000077aa00000, 0x000000077bf00000, 0x0000000785000000)
  object space 21504K, 26% used [0x000000077aa00000,0x000000077af78708,0x000000077bf00000)
}
Event: 80956.935 GC heap before
{Heap before GC invocations=342615 (full 196):
 PSYoungGen      total 244224K, used 243840K [0x00000007d7000000, 0x00000007f6580000, 0x0000000800000000)
  eden space 243712K, 100% used [0x00000007d7000000,0x00000007e5e00000,0x00000007e5e00000)
  from space 512K, 25% used [0x00000007f6500000,0x00000007f6520000,0x00000007f6580000)
  to   space 512K, 0% used [0x00000007f6480000,0x00000007f6480000,0x00000007f6500000)
 ParOldGen       total 27136K, used 19482K [0x0000000785000000, 0x0000000786a80000, 0x00000007d7000000)
  object space 27136K, 71% used [0x0000000785000000,0x0000000786306bb0,0x0000000786a80000)
 PSPermGen       total 21504K, used 5601K [0x000000077aa00000, 0x000000077bf00000, 0x0000000785000000)
  object space 21504K, 26% used [0x000000077aa00000,0x000000077af78708,0x000000077bf00000)
Event: 80956.941 GC heap after
Heap after GC invocations=342615 (full 196):
 PSYoungGen      total 293376K, used 0K [0x00000007d7000000, 0x00000007f6580000, 0x0000000800000000)
  eden space 292864K, 0% used [0x00000007d7000000,0x00000007d7000000,0x00000007e8e00000)
  from space 512K, 0% used [0x00000007f6480000,0x00000007f6480000,0x00000007f6500000)
  to   space 512K, 0% used [0x00000007f6500000,0x00000007f6500000,0x00000007f6580000)
 ParOldGen       total 27136K, used 19554K [0x0000000785000000, 0x0000000786a80000, 0x00000007d7000000)
  object space 27136K, 72% used [0x0000000785000000,0x0000000786318bb0,0x0000000786a80000)
 PSPermGen       total 21504K, used 5601K [0x000000077aa00000, 0x000000077bf00000, 0x0000000785000000)
  object space 21504K, 26% used [0x000000077aa00000,0x000000077af78708,0x000000077bf00000)
}
Event: 80957.452 GC heap before
{Heap before GC invocations=342616 (full 196):
 PSYoungGen      total 293376K, used 292864K [0x00000007d7000000, 0x00000007f6580000, 0x0000000800000000)
  eden space 292864K, 100% used [0x00000007d7000000,0x00000007e8e00000,0x00000007e8e00000)
  from space 512K, 0% used [0x00000007f6480000,0x00000007f6480000,0x00000007f6500000)
  to   space 512K, 0% used [0x00000007f6500000,0x00000007f6500000,0x00000007f6580000)
 ParOldGen       total 27136K, used 19554K [0x0000000785000000, 0x0000000786a80000, 0x00000007d7000000)
  object space 27136K, 72% used [0x0000000785000000,0x0000000786318bb0,0x0000000786a80000)
 PSPermGen       total 21504K, used 5601K [0x000000077aa00000, 0x000000077bf00000, 0x0000000785000000)
  object space 21504K, 26% used [0x000000077aa00000,0x000000077af78708,0x000000077bf00000)
Event: 80957.462 GC heap after
Heap after GC invocations=342616 (full 196):
 PSYoungGen      total 352256K, used 96K [0x00000007d7000000, 0x00000007f6580000, 0x0000000800000000)
  eden space 351744K, 0% used [0x00000007d7000000,0x00000007d7000000,0x00000007ec780000)
  from space 512K, 18% used [0x00000007f6500000,0x00000007f6518000,0x00000007f6580000)
  to   space 512K, 0% used [0x00000007f6480000,0x00000007f6480000,0x00000007f6500000)
 ParOldGen       total 27136K, used 19554K [0x0000000785000000, 0x0000000786a80000, 0x00000007d7000000)
  object space 27136K, 72% used [0x0000000785000000,0x0000000786318bb0,0x0000000786a80000)
 PSPermGen       total 21504K, used 5601K [0x000000077aa00000, 0x000000077bf00000, 0x0000000785000000)
  object space 21504K, 26% used [0x000000077aa00000,0x000000077af78708,0x000000077bf00000)
}
Event: 80958.258 GC heap before
{Heap before GC invocations=342617 (full 196):
 PSYoungGen      total 352256K, used 351840K [0x00000007d7000000, 0x00000007f6580000, 0x0000000800000000)
  eden space 351744K, 100% used [0x00000007d7000000,0x00000007ec780000,0x00000007ec780000)
  from space 512K, 18% used [0x00000007f6500000,0x00000007f6518000,0x00000007f6580000)
  to   space 512K, 0% used [0x00000007f6480000,0x00000007f6480000,0x00000007f6500000)
 ParOldGen       total 27136K, used 19554K [0x0000000785000000, 0x0000000786a80000, 0x00000007d7000000)
  object space 27136K, 72% used [0x0000000785000000,0x0000000786318bb0,0x0000000786a80000)
 PSPermGen       total 21504K, used 5601K [0x000000077aa00000, 0x000000077bf00000, 0x0000000785000000)
  object space 21504K, 26% used [0x000000077aa00000,0x000000077af78708,0x000000077bf00000)
Event: 80958.259 GC heap after
Heap after GC invocations=342617 (full 196):
 PSYoungGen      total 422912K, used 96K [0x00000007d7000000, 0x00000007f6580000, 0x0000000800000000)
  eden space 422400K, 0% used [0x00000007d7000000,0x00000007d7000000,0x00000007f0c80000)
  from space 512K, 18% used [0x00000007f6480000,0x00000007f6498000,0x00000007f6500000)
  to   space 512K, 0% used [0x00000007f6500000,0x00000007f6500000,0x00000007f6580000)
 ParOldGen       total 27136K, used 19554K [0x0000000785000000, 0x0000000786a80000, 0x00000007d7000000)
  object space 27136K, 72% used [0x0000000785000000,0x0000000786318bb0,0x0000000786a80000)
 PSPermGen       total 21504K, used 5601K [0x000000077aa00000, 0x000000077bf00000, 0x0000000785000000)
  object space 21504K, 26% used [0x000000077aa00000,0x000000077af78708,0x000000077bf00000)
}
Event: 80959.186 GC heap before
{Heap before GC invocations=342618 (full 196):
 PSYoungGen      total 422912K, used 422496K [0x00000007d7000000, 0x00000007f6580000, 0x0000000800000000)
  eden space 422400K, 100% used [0x00000007d7000000,0x00000007f0c80000,0x00000007f0c80000)
  from space 512K, 18% used [0x00000007f6480000,0x00000007f6498000,0x00000007f6500000)
  to   space 512K, 0% used [0x00000007f6500000,0x00000007f6500000,0x00000007f6580000)
 ParOldGen       total 27136K, used 19554K [0x0000000785000000, 0x0000000786a80000, 0x00000007d7000000)
  object space 27136K, 72% used [0x0000000785000000,0x0000000786318bb0,0x0000000786a80000)
 PSPermGen       total 21504K, used 5601K [0x000000077aa00000, 0x000000077bf00000, 0x0000000785000000)
  object space 21504K, 26% used [0x000000077aa00000,0x000000077af78708,0x000000077bf00000)
Event: 80959.187 GC heap after
Heap after GC invocations=342618 (full 196):
 PSYoungGen      total 507392K, used 64K [0x00000007d7000000, 0x00000007f6580000, 0x0000000800000000)
  eden space 506880K, 0% used [0x00000007d7000000,0x00000007d7000000,0x00000007f5f00000)
  from space 512K, 12% used [0x00000007f6500000,0x00000007f6510000,0x00000007f6580000)
  to   space 512K, 0% used [0x00000007f6480000,0x00000007f6480000,0x00000007f6500000)
 ParOldGen       total 27136K, used 19578K [0x0000000785000000, 0x0000000786a80000, 0x00000007d7000000)
  object space 27136K, 72% used [0x0000000785000000,0x000000078631ebb0,0x0000000786a80000)
 PSPermGen       total 21504K, used 5601K [0x000000077aa00000, 0x000000077bf00000, 0x0000000785000000)
  object space 21504K, 26% used [0x000000077aa00000,0x000000077af78708,0x000000077bf00000)
}
Event: 80962.136 GC heap before
{Heap before GC invocations=342619 (full 196):
 PSYoungGen      total 507392K, used 506944K [0x00000007d7000000, 0x00000007f6580000, 0x0000000800000000)
  eden space 506880K, 100% used [0x00000007d7000000,0x00000007f5f00000,0x00000007f5f00000)
  from space 512K, 12% used [0x00000007f6500000,0x00000007f6510000,0x00000007f6580000)
  to   space 512K, 0% used [0x00000007f6480000,0x00000007f6480000,0x00000007f6500000)
 ParOldGen       total 27136K, used 19578K [0x0000000785000000, 0x0000000786a80000, 0x00000007d7000000)
  object space 27136K, 72% used [0x0000000785000000,0x000000078631ebb0,0x0000000786a80000)
 PSPermGen       total 21504K, used 5601K [0x000000077aa00000, 0x000000077bf00000, 0x0000000785000000)
  object space 21504K, 26% used [0x000000077aa00000,0x000000077af78708,0x000000077bf00000)

