# JRE version: OpenJDK Runtime Environment (7.0_79-b14) (build 1.7.0_79-b14)
# Java VM: OpenJDK 64-Bit Server VM (24.79-b02 mixed mode linux-amd64 compressed oops)
Heap
 PSYoungGen      total 509440K, used 416K [0x00000007d7000000, 0x00000007f6300000, 0x0000000800000000)
  eden space 507904K, 0% used [0x00000007d7000000,0x00000007d7000000,0x00000007f6000000)
  from space 1536K, 27% used [0x00000007f6000000,0x00000007f6068000,0x00000007f6180000)
  to   space 1536K, 0% used [0x00000007f6180000,0x00000007f6180000,0x00000007f6300000)
 ParOldGen       total 83968K, used 738K [0x0000000785000000, 0x000000078a200000, 0x00000007d7000000)
  object space 83968K, 0% used [0x0000000785000000,0x00000007850b8ac8,0x000000078a200000)
 PSPermGen       total 21504K, used 5508K [0x000000077aa00000, 0x000000077bf00000, 0x0000000785000000)
  object space 21504K, 25% used [0x000000077aa00000,0x000000077af610d0,0x000000077bf00000)
GC Heap History (10 events):
Event: 1.251 GC heap after
Heap after GC invocations=4 (full 0):
 PSYoungGen      total 132096K, used 1034K [0x00000007d7000000, 0x00000007df600000, 0x0000000800000000)
  eden space 126976K, 0% used [0x00000007d7000000,0x00000007d7000000,0x00000007dec00000)
  from space 5120K, 20% used [0x00000007df100000,0x00000007df202a78,0x00000007df600000)
  to   space 5120K, 0% used [0x00000007dec00000,0x00000007dec00000,0x00000007df100000)
 ParOldGen       total 83968K, used 0K [0x0000000785000000, 0x000000078a200000, 0x00000007d7000000)
  object space 83968K, 0% used [0x0000000785000000,0x0000000785000000,0x000000078a200000)
 PSPermGen       total 21504K, used 5187K [0x000000077aa00000, 0x000000077bf00000, 0x0000000785000000)
  object space 21504K, 24% used [0x000000077aa00000,0x000000077af10e58,0x000000077bf00000)
}
Event: 1.633 GC heap before
{Heap before GC invocations=5 (full 0):
 PSYoungGen      total 132096K, used 128010K [0x00000007d7000000, 0x00000007df600000, 0x0000000800000000)
  eden space 126976K, 100% used [0x00000007d7000000,0x00000007dec00000,0x00000007dec00000)
  from space 5120K, 20% used [0x00000007df100000,0x00000007df202a78,0x00000007df600000)
  to   space 5120K, 0% used [0x00000007dec00000,0x00000007dec00000,0x00000007df100000)
 ParOldGen       total 83968K, used 0K [0x0000000785000000, 0x000000078a200000, 0x00000007d7000000)
  object space 83968K, 0% used [0x0000000785000000,0x0000000785000000,0x000000078a200000)
 PSPermGen       total 21504K, used 5187K [0x000000077aa00000, 0x000000077bf00000, 0x0000000785000000)
  object space 21504K, 24% used [0x000000077aa00000,0x000000077af10e58,0x000000077bf00000)
Event: 1.636 GC heap after
Heap after GC invocations=5 (full 0):
 PSYoungGen      total 132096K, used 1034K [0x00000007d7000000, 0x00000007e6b00000, 0x0000000800000000)
  eden space 126976K, 0% used [0x00000007d7000000,0x00000007d7000000,0x00000007dec00000)
  from space 5120K, 20% used [0x00000007dec00000,0x00000007ded02a78,0x00000007df100000)
  to   space 1536K, 0% used [0x00000007e6980000,0x00000007e6980000,0x00000007e6b00000)
 ParOldGen       total 83968K, used 0K [0x0000000785000000, 0x000000078a200000, 0x00000007d7000000)
  object space 83968K, 0% used [0x0000000785000000,0x0000000785000000,0x000000078a200000)
 PSPermGen       total 21504K, used 5187K [0x000000077aa00000, 0x000000077bf00000, 0x0000000785000000)
  object space 21504K, 24% used [0x000000077aa00000,0x000000077af10e58,0x000000077bf00000)
}
Event: 2.034 GC heap before
{Heap before GC invocations=6 (full 0):
 PSYoungGen      total 132096K, used 128010K [0x00000007d7000000, 0x00000007e6b00000, 0x0000000800000000)
  eden space 126976K, 100% used [0x00000007d7000000,0x00000007dec00000,0x00000007dec00000)
  from space 5120K, 20% used [0x00000007dec00000,0x00000007ded02a78,0x00000007df100000)
  to   space 1536K, 0% used [0x00000007e6980000,0x00000007e6980000,0x00000007e6b00000)
 ParOldGen       total 83968K, used 0K [0x0000000785000000, 0x000000078a200000, 0x00000007d7000000)
  object space 83968K, 0% used [0x0000000785000000,0x0000000785000000,0x000000078a200000)
 PSPermGen       total 21504K, used 5188K [0x000000077aa00000, 0x000000077bf00000, 0x0000000785000000)
  object space 21504K, 24% used [0x000000077aa00000,0x000000077af11058,0x000000077bf00000)
Event: 2.041 GC heap after
Heap after GC invocations=6 (full 0):
 PSYoungGen      total 255488K, used 1034K [0x00000007d7000000, 0x00000007e6b00000, 0x0000000800000000)
  eden space 253952K, 0% used [0x00000007d7000000,0x00000007d7000000,0x00000007e6800000)
  from space 1536K, 67% used [0x00000007e6980000,0x00000007e6a82a78,0x00000007e6b00000)
  to   space 1536K, 0% used [0x00000007e6800000,0x00000007e6800000,0x00000007e6980000)
 ParOldGen       total 83968K, used 0K [0x0000000785000000, 0x000000078a200000, 0x00000007d7000000)
  object space 83968K, 0% used [0x0000000785000000,0x0000000785000000,0x000000078a200000)
 PSPermGen       total 21504K, used 5188K [0x000000077aa00000, 0x000000077bf00000, 0x0000000785000000)
  object space 21504K, 24% used [0x000000077aa00000,0x000000077af11058,0x000000077bf00000)
}
Event: 2.975 GC heap before
{Heap before GC invocations=7 (full 0):
 PSYoungGen      total 255488K, used 254986K [0x00000007d7000000, 0x00000007e6b00000, 0x0000000800000000)
  eden space 253952K, 100% used [0x00000007d7000000,0x00000007e6800000,0x00000007e6800000)
  from space 1536K, 67% used [0x00000007e6980000,0x00000007e6a82a78,0x00000007e6b00000)
  to   space 1536K, 0% used [0x00000007e6800000,0x00000007e6800000,0x00000007e6980000)
 ParOldGen       total 83968K, used 0K [0x0000000785000000, 0x000000078a200000, 0x00000007d7000000)
  object space 83968K, 0% used [0x0000000785000000,0x0000000785000000,0x000000078a200000)
 PSPermGen       total 21504K, used 5188K [0x000000077aa00000, 0x000000077bf00000, 0x0000000785000000)
  object space 21504K, 24% used [0x000000077aa00000,0x000000077af11058,0x000000077bf00000)
Event: 2.979 GC heap after
Heap after GC invocations=7 (full 0):
 PSYoungGen      total 255488K, used 256K [0x00000007d7000000, 0x00000007f6300000, 0x0000000800000000)
  eden space 253952K, 0% used [0x00000007d7000000,0x00000007d7000000,0x00000007e6800000)
  from space 1536K, 16% used [0x00000007e6800000,0x00000007e6840000,0x00000007e6980000)
  to   space 1536K, 0% used [0x00000007f6180000,0x00000007f6180000,0x00000007f6300000)
 ParOldGen       total 83968K, used 738K [0x0000000785000000, 0x000000078a200000, 0x00000007d7000000)
  object space 83968K, 0% used [0x0000000785000000,0x00000007850b8ac8,0x000000078a200000)
 PSPermGen       total 21504K, used 5188K [0x000000077aa00000, 0x000000077bf00000, 0x0000000785000000)
  object space 21504K, 24% used [0x000000077aa00000,0x000000077af11058,0x000000077bf00000)
}
Event: 3.915 GC heap before
{Heap before GC invocations=8 (full 0):
 PSYoungGen      total 255488K, used 254208K [0x00000007d7000000, 0x00000007f6300000, 0x0000000800000000)
  eden space 253952K, 100% used [0x00000007d7000000,0x00000007e6800000,0x00000007e6800000)
  from space 1536K, 16% used [0x00000007e6800000,0x00000007e6840000,0x00000007e6980000)
  to   space 1536K, 0% used [0x00000007f6180000,0x00000007f6180000,0x00000007f6300000)
 ParOldGen       total 83968K, used 738K [0x0000000785000000, 0x000000078a200000, 0x00000007d7000000)
  object space 83968K, 0% used [0x0000000785000000,0x00000007850b8ac8,0x000000078a200000)
 PSPermGen       total 21504K, used 5507K [0x000000077aa00000, 0x000000077bf00000, 0x0000000785000000)
  object space 21504K, 25% used [0x000000077aa00000,0x000000077af60db8,0x000000077bf00000)
Event: 3.916 GC heap after
Heap after GC invocations=8 (full 0):
 PSYoungGen      total 509440K, used 352K [0x00000007d7000000, 0x00000007f6300000, 0x0000000800000000)
  eden space 507904K, 0% used [0x00000007d7000000,0x00000007d7000000,0x00000007f6000000)
  from space 1536K, 22% used [0x00000007f6180000,0x00000007f61d8000,0x00000007f6300000)
  to   space 1536K, 0% used [0x00000007f6000000,0x00000007f6000000,0x00000007f6180000)
 ParOldGen       total 83968K, used 738K [0x0000000785000000, 0x000000078a200000, 0x00000007d7000000)
  object space 83968K, 0% used [0x0000000785000000,0x00000007850b8ac8,0x000000078a200000)
 PSPermGen       total 21504K, used 5507K [0x000000077aa00000, 0x000000077bf00000, 0x0000000785000000)
  object space 21504K, 25% used [0x000000077aa00000,0x000000077af60db8,0x000000077bf00000)
}
Event: 14.173 GC heap before
{Heap before GC invocations=9 (full 0):
 PSYoungGen      total 509440K, used 508256K [0x00000007d7000000, 0x00000007f6300000, 0x0000000800000000)
  eden space 507904K, 100% used [0x00000007d7000000,0x00000007f6000000,0x00000007f6000000)
  from space 1536K, 22% used [0x00000007f6180000,0x00000007f61d8000,0x00000007f6300000)
  to   space 1536K, 0% used [0x00000007f6000000,0x00000007f6000000,0x00000007f6180000)
 ParOldGen       total 83968K, used 738K [0x0000000785000000, 0x000000078a200000, 0x00000007d7000000)
  object space 83968K, 0% used [0x0000000785000000,0x00000007850b8ac8,0x000000078a200000)
 PSPermGen       total 21504K, used 5508K [0x000000077aa00000, 0x000000077bf00000, 0x0000000785000000)
  object space 21504K, 25% used [0x000000077aa00000,0x000000077af610d0,0x000000077bf00000)

